
[ELECTRON] Launch Training on 20230603_1806
{
  "HOST": "elctron",
  "SAVE": false,
  "github_log": true,
  "architecture": "DLV3+",
  "baseModel": "EffNet",
  "modelSize": [
    512,
    512
  ],
  "initialWeight": [
    null,
    null
  ],
  "num_epochs": 500,
  "resume": false,
  "prevEPOCH": 300,
  "resumeWeight": "./model_weights/20230303_1849_NEW_DLV3PP_FINAL_EPOCH_300/variables/variables",
  "augmentation": true,
  "temperature_shift": 10,
  "Flag": true,
  "p": 0.2,
  "acc_thresh": 0.5,
  "batch_size": 8,
  "lr_scheduling": true,
  "lr": 0.001,
  "decay_steps": 2.0,
  "train_annotation": "./Annotations/train_base_db_20230523.txt",
  "eval_annotation": "./Annotations/eval_base_db_20230523.txt",
  "exp_comment": "* EffNet Base \n  - base DataSet used \n",
  "isCompleted": false,
  "config": "./Config/TRAIN_DLV3.yaml"
}
[ELECTRON] Launch Training on 20230603_1810
{
  "HOST": "elctron",
  "github_log": true,
  "architecture": "DLV3+",
  "baseModel": "EffNet",
  "modelSize": [
    512,
    512
  ],
  "initialWeight": [
    null,
    null
  ],
  "SAVE": true,
  "num_epochs": 2,
  "resume": false,
  "prevEPOCH": 300,
  "resumeWeight": "./model_weights/20230303_1849_NEW_DLV3PP_FINAL_EPOCH_300/variables/variables",
  "augmentation": true,
  "temperature_shift": 10,
  "Flag": true,
  "p": 0.2,
  "acc_thresh": 0.5,
  "batch_size": 8,
  "lr_scheduling": true,
  "lr": 0.001,
  "decay_steps": 2.0,
  "train_annotation": "./Annotations/train_base_db_20230523_mini.txt",
  "eval_annotation": "./Annotations/eval_base_db_20230523_mini.txt",
  "exp_comment": "* EffNet Base (mini test)\n  - base DataSet mini used \n",
  "isCompleted": false,
  "config": "./Config/TRAIN_DLV3_mini.yaml"
}
[EP 1/2] took: 0h:0m:20s, ETA: 0d:0h:0m:20s

[EP 2/2] took: 0h:0m:15s, ETA: 0d:0h:0m:0s

--- Finished in 59.0 seconds ---


** [ELECTRON] Launch Training on 20230603_1814
{
  "HOST": "elctron",
  "github_log": true,
  "architecture": "DLV3+",
  "baseModel": "EffNet",
  "modelSize": [
    512,
    512
  ],
  "initialWeight": [
    null,
    null
  ],
  "SAVE": true,
  "num_epochs": 2,
  "resume": false,
  "prevEPOCH": 300,
  "resumeWeight": "./model_weights/20230303_1849_NEW_DLV3PP_FINAL_EPOCH_300/variables/variables",
  "augmentation": true,
  "temperature_shift": 10,
  "Flag": true,
  "p": 0.2,
  "acc_thresh": 0.5,
  "batch_size": 8,
  "lr_scheduling": true,
  "lr": 0.001,
  "decay_steps": 2.0,
  "train_annotation": "./Annotations/train_base_db_20230523_mini.txt",
  "eval_annotation": "./Annotations/eval_base_db_20230523_mini.txt",
  "exp_comment": "* EffNet Base (mini test)\n  - base DataSet mini used \n",
  "isCompleted": false,
  "config": "./Config/TRAIN_DLV3_mini.yaml"
}
[EP 1/2] took: 0h:0m:20s, ETA: 0d:0h:0m:20s [33mtrain[0m loss: 0.9478, accu-50: 0.75%, iou: 2.80% 911.35ms [33meval[0m [1/5 step] loss: 0.8333, accu-50: 0.00%, iou: 0.00%, 246.06m
[EP 2/2] took: 0h:0m:15s, ETA: 0d:0h:0m:0s [33mtrain[0m loss: 0.7306, accu-50: 16.45%, iou: 16.85% 427.42ms [33meval[0m [1/5 step] loss: 0.8333, accu-50: 0.00%, iou: 0.00%, 62.76m
--- Finished in 60.3 seconds ---
